\BOOKMARK [1][-]{section*.3}{\376\377\000A\000B\000S\000T\000R\000A\000C\000T}{}% 1
\BOOKMARK [1][-]{section.1}{\376\377\000I\000N\000T\000R\000O\000D\000U\000C\000T\000I\000O\000N}{}% 2
\BOOKMARK [1][-]{section.2}{\376\377\000P\000H\000Y\000S\000I\000C\000A\000L\000\040\000B\000A\000C\000K\000G\000R\000O\000U\000N\000D}{}% 3
\BOOKMARK [2][-]{subsection.2.1}{\376\377\000C\000h\000o\000p\000p\000e\000r\000\040\000T\000i\000m\000i\000n\000g\000\040\000a\000n\000d\000\040\000T\000O\000F}{section.2}% 4
\BOOKMARK [2][-]{subsection.2.2}{\376\377\000C\000h\000o\000p\000p\000e\000r\000\040\000C\000o\000n\000f\000i\000g\000u\000r\000a\000t\000i\000o\000n}{section.2}% 5
\BOOKMARK [2][-]{subsection.2.3}{\376\377\0006\0000\000H\000z\000\040\000v\000s\000\040\0003\0000\000H\000z\000\040\000O\000p\000e\000r\000a\000t\000i\000o\000n}{section.2}% 6
\BOOKMARK [2][-]{subsection.2.4}{\376\377\000M\000o\000n\000o\000c\000h\000r\000o\000m\000a\000t\000i\000c\000\040\000M\000o\000d\000e}{section.2}% 7
\BOOKMARK [1][-]{section.3}{\376\377\000T\000O\000O\000L\000\040\0001\000:\000\040\000I\000N\000T\000E\000R\000A\000C\000T\000I\000V\000E\000\040\000E\000D\000G\000E\000\040\000F\000I\000N\000D\000E\000R}{}% 8
\BOOKMARK [2][-]{subsection.3.1}{\376\377\000P\000u\000r\000p\000o\000s\000e}{section.3}% 9
\BOOKMARK [2][-]{subsection.3.2}{\376\377\000S\000t\000a\000r\000t\000i\000n\000g\000\040\000t\000h\000e\000\040\000T\000o\000o\000l}{section.3}% 10
\BOOKMARK [2][-]{subsection.3.3}{\376\377\000U\000s\000e\000r\000\040\000I\000n\000t\000e\000r\000f\000a\000c\000e\000\040\000O\000v\000e\000r\000v\000i\000e\000w}{section.3}% 11
\BOOKMARK [2][-]{subsection.3.4}{\376\377\000K\000e\000y\000b\000o\000a\000r\000d\000\040\000S\000h\000o\000r\000t\000c\000u\000t\000s\000\040\000a\000n\000d\000\040\000C\000o\000n\000t\000r\000o\000l\000s}{section.3}% 12
\BOOKMARK [2][-]{subsection.3.5}{\376\377\000S\000t\000e\000p\000-\000b\000y\000-\000S\000t\000e\000p\000\040\000W\000o\000r\000k\000f\000l\000o\000w\000:\000\040\000E\000x\000t\000r\000a\000c\000t\000i\000n\000g\000\040\000P\000h\000a\000s\000e\000\040\000O\000f\000f\000s\000e\000t}{section.3}% 13
\BOOKMARK [3][-]{subsubsection.3.5.1}{\376\377\000S\000t\000e\000p\000\040\0001\000:\000\040\000L\000o\000a\000d\000\040\000t\000h\000e\000\040\000M\000o\000n\000i\000t\000o\000r\000\040\000S\000p\000e\000c\000t\000r\000u\000m}{subsection.3.5}% 14
\BOOKMARK [3][-]{subsubsection.3.5.2}{\376\377\000S\000t\000e\000p\000\040\0002\000:\000\040\000M\000a\000r\000k\000\040\000E\000d\000g\000e\000\040\000P\000o\000s\000i\000t\000i\000o\000n\000s}{subsection.3.5}% 15
\BOOKMARK [3][-]{subsubsection.3.5.3}{\376\377\000S\000t\000e\000p\000\040\0003\000:\000\040\000F\000i\000t\000\040\000t\000h\000e\000\040\000E\000d\000g\000e\000s}{subsection.3.5}% 16
\BOOKMARK [3][-]{subsubsection.3.5.4}{\376\377\000S\000t\000e\000p\000\040\0004\000:\000\040\000C\000a\000p\000t\000u\000r\000e\000\040\000E\000d\000g\000e\000\040\000V\000a\000l\000u\000e\000s\000\040\000f\000o\000r\000\040\000P\000h\000a\000s\000e\000\040\000C\000a\000l\000c\000u\000l\000a\000t\000i\000o\000n}{subsection.3.5}% 17
\BOOKMARK [3][-]{subsubsection.3.5.5}{\376\377\000S\000t\000e\000p\000\040\0005\000:\000\040\000R\000e\000a\000d\000\040\000t\000h\000e\000\040\000P\000h\000a\000s\000e\000\040\000O\000f\000f\000s\000e\000t}{subsection.3.5}% 18
\BOOKMARK [3][-]{subsubsection.3.5.6}{\376\377\000S\000t\000e\000p\000\040\0006\000:\000\040\000S\000a\000v\000e\000\040\000R\000e\000s\000u\000l\000t\000s}{subsection.3.5}% 19
\BOOKMARK [2][-]{subsection.3.6}{\376\377\000E\000x\000a\000m\000p\000l\000e\000:\000\040\0003\0000\000H\000z\000\040\000F\000r\000a\000m\000e\000-\000S\000k\000i\000p\000\040\000M\000o\000d\000e}{section.3}% 20
\BOOKMARK [1][-]{section.4}{\376\377\000T\000O\000O\000L\000\040\0002\000:\000\040\000M\000U\000L\000T\000I\000-\000C\000H\000O\000P\000P\000E\000R\000\040\000S\000I\000M\000U\000L\000A\000T\000O\000R}{}% 21
\BOOKMARK [2][-]{subsection.4.1}{\376\377\000P\000u\000r\000p\000o\000s\000e}{section.4}% 22
\BOOKMARK [2][-]{subsection.4.2}{\376\377\000S\000t\000a\000r\000t\000i\000n\000g\000\040\000t\000h\000e\000\040\000T\000o\000o\000l}{section.4}% 23
\BOOKMARK [2][-]{subsection.4.3}{\376\377\000U\000s\000e\000r\000\040\000I\000n\000t\000e\000r\000f\000a\000c\000e\000\040\000O\000v\000e\000r\000v\000i\000e\000w}{section.4}% 24
\BOOKMARK [2][-]{subsection.4.4}{\376\377\000C\000o\000n\000t\000r\000o\000l\000\040\000P\000a\000n\000e\000l\000\040\000E\000l\000e\000m\000e\000n\000t\000s}{section.4}% 25
\BOOKMARK [2][-]{subsection.4.5}{\376\377\000U\000n\000d\000e\000r\000s\000t\000a\000n\000d\000i\000n\000g\000\040\000t\000h\000e\000\040\000h\000e\000x\000a\000S\000u\000b\000\040\000C\000h\000e\000c\000k\000b\000o\000x}{section.4}% 26
\BOOKMARK [2][-]{subsection.4.6}{\376\377\000S\000t\000e\000p\000-\000b\000y\000-\000S\000t\000e\000p\000\040\000W\000o\000r\000k\000f\000l\000o\000w\000:\000\040\000V\000e\000r\000i\000f\000y\000i\000n\000g\000\040\000h\000e\000x\000a\000S\000u\000b\000\040\000P\000h\000a\000s\000e\000s}{section.4}% 27
\BOOKMARK [3][-]{subsubsection.4.6.1}{\376\377\000S\000t\000e\000p\000\040\0001\000:\000\040\000C\000o\000n\000f\000i\000g\000u\000r\000e\000\040\000t\000h\000e\000\040\000F\000r\000e\000q\000u\000e\000n\000c\000y}{subsection.4.6}% 28
\BOOKMARK [3][-]{subsubsection.4.6.2}{\376\377\000S\000t\000e\000p\000\040\0002\000:\000\040\000E\000n\000a\000b\000l\000e\000\040\000t\000h\000e\000\040\000A\000p\000p\000r\000o\000p\000r\000i\000a\000t\000e\000\040\000C\000h\000o\000p\000p\000e\000r\000s}{subsection.4.6}% 29
\BOOKMARK [3][-]{subsubsection.4.6.3}{\376\377\000S\000t\000e\000p\000\040\0003\000:\000\040\000E\000n\000a\000b\000l\000e\000\040\000h\000e\000x\000a\000S\000u\000b\000\040\000P\000h\000a\000s\000e\000s}{subsection.4.6}% 30
\BOOKMARK [3][-]{subsubsection.4.6.4}{\376\377\000S\000t\000e\000p\000\040\0004\000:\000\040\000E\000n\000t\000e\000r\000\040\000h\000e\000x\000a\000S\000u\000b\000\040\000O\000G\000C\000\040\000V\000a\000l\000u\000e\000s}{subsection.4.6}% 31
\BOOKMARK [3][-]{subsubsection.4.6.5}{\376\377\000S\000t\000e\000p\000\040\0005\000:\000\040\000R\000u\000n\000\040\000t\000h\000e\000\040\000S\000i\000m\000u\000l\000a\000t\000i\000o\000n}{subsection.4.6}% 32
\BOOKMARK [3][-]{subsubsection.4.6.6}{\376\377\000S\000t\000e\000p\000\040\0006\000:\000\040\000V\000e\000r\000i\000f\000y\000\040\000t\000h\000e\000\040\000R\000e\000s\000u\000l\000t\000s}{subsection.4.6}% 33
\BOOKMARK [2][-]{subsection.4.7}{\376\377\000U\000n\000d\000e\000r\000s\000t\000a\000n\000d\000i\000n\000g\000\040\000t\000h\000e\000\040\000D\000i\000s\000t\000a\000n\000c\000e\040\023\000T\000i\000m\000e\000\040\000D\000i\000a\000g\000r\000a\000m}{section.4}% 34
\BOOKMARK [2][-]{subsection.4.8}{\376\377\000R\000e\000l\000a\000t\000i\000o\000n\000s\000h\000i\000p\000\040\000t\000o\000\040\000h\000e\000x\000a\000S\000u\000b\000.\000c}{section.4}% 35
\BOOKMARK [3][-]{subsubsection.4.8.1}{\376\377\000C\000o\000m\000m\000o\000n\000\040\000E\000l\000e\000m\000e\000n\000t\000s}{subsection.4.8}% 36
\BOOKMARK [3][-]{subsubsection.4.8.2}{\376\377\0006\0000\000H\000z\000\040\000M\000o\000d\000e\000\040\000\050\000S\000t\000a\000n\000d\000a\000r\000d\000\040\000O\000p\000e\000r\000a\000t\000i\000o\000n\000\051}{subsection.4.8}% 37
\BOOKMARK [3][-]{subsubsection.4.8.3}{\376\377\0003\0000\000H\000z\000\040\000F\000r\000a\000m\000e\000-\000S\000k\000i\000p\000\040\000M\000o\000d\000e}{subsection.4.8}% 38
\BOOKMARK [3][-]{subsubsection.4.8.4}{\376\377\000M\000o\000n\000o\000c\000h\000r\000o\000m\000a\000t\000i\000c\000\040\000M\000o\000d\000e}{subsection.4.8}% 39
\BOOKMARK [3][-]{subsubsection.4.8.5}{\376\377\000S\000u\000m\000m\000a\000r\000y\000:\000\040\000M\000o\000d\000e\000\040\000C\000o\000m\000p\000a\000r\000i\000s\000o\000n}{subsection.4.8}% 40
\BOOKMARK [1][-]{section.5}{\376\377\000P\000R\000A\000C\000T\000I\000C\000A\000L\000\040\000E\000X\000A\000M\000P\000L\000E\000S}{}% 41
\BOOKMARK [2][-]{subsection.5.1}{\376\377\000E\000x\000a\000m\000p\000l\000e\000\040\0001\000:\000\040\000S\000i\000n\000g\000l\000e\000\040\000C\000h\000o\000p\000p\000e\000r\000\040\000C\000a\000l\000i\000b\000r\000a\000t\000i\000o\000n\000\040\000\050\0006\0000\000H\000z\000\051}{section.5}% 42
\BOOKMARK [2][-]{subsection.5.2}{\376\377\000E\000x\000a\000m\000p\000l\000e\000\040\0002\000:\000\040\000V\000e\000r\000i\000f\000y\000i\000n\000g\000\040\0003\0000\000H\000z\000\040\000F\000r\000a\000m\000e\000-\000S\000k\000i\000p\000\040\000C\000o\000n\000f\000i\000g\000u\000r\000a\000t\000i\000o\000n}{section.5}% 43
\BOOKMARK [2][-]{subsection.5.3}{\376\377\000E\000x\000a\000m\000p\000l\000e\000\040\0003\000:\000\040\000D\000i\000a\000g\000n\000o\000s\000i\000n\000g\000\040\000P\000h\000a\000s\000e\000\040\000M\000i\000s\000m\000a\000t\000c\000h}{section.5}% 44
\BOOKMARK [1][-]{section.6}{\376\377\000T\000R\000O\000U\000B\000L\000E\000S\000H\000O\000O\000T\000I\000N\000G}{}% 45
\BOOKMARK [2][-]{subsection.6.1}{\376\377\000N\000o\000\040\000W\000a\000v\000e\000l\000e\000n\000g\000t\000h\000s\000\040\000P\000a\000s\000s\000\040\000i\000n\000\040\000S\000i\000m\000u\000l\000a\000t\000o\000r}{section.6}% 46
\BOOKMARK [2][-]{subsection.6.2}{\376\377\000E\000d\000g\000e\000\040\000F\000i\000t\000\040\000F\000a\000i\000l\000s}{section.6}% 47
\BOOKMARK [2][-]{subsection.6.3}{\376\377\000P\000h\000a\000s\000e\000\040\000C\000a\000l\000c\000u\000l\000a\000t\000o\000r\000\040\000S\000h\000o\000w\000s\000\040\000U\000n\000e\000x\000p\000e\000c\000t\000e\000d\000\040\000V\000a\000l\000u\000e\000s}{section.6}% 48
\BOOKMARK [1][-]{section.7}{\376\377\000F\000I\000L\000E\000\040\000F\000O\000R\000M\000A\000T\000S}{}% 49
\BOOKMARK [2][-]{subsection.7.1}{\376\377\000M\000o\000n\000i\000t\000o\000r\000\040\000S\000p\000e\000c\000t\000r\000u\000m\000\040\000\050\000.\000d\000a\000t\000\051}{section.7}% 50
\BOOKMARK [2][-]{subsection.7.2}{\376\377\000E\000d\000g\000e\000\040\000F\000i\000t\000\040\000R\000e\000s\000u\000l\000t\000s\000\040\000\050\000.\000d\000a\000t\000\051}{section.7}% 51
\BOOKMARK [1][-]{section.8}{\376\377\000R\000E\000F\000E\000R\000E\000N\000C\000E\000S}{}% 52
